<?xml version="1.0" encoding="UTF-8" ?>
<testsuites>
<testsuite name="A suite" errors="0" tests="1" failures="0" time="0.003" timestamp="2014-12-29T15:10:20">
  <testcase classname="A suite" name="contains spec with an expectation" time="0.003"></testcase>
</testsuite>
</testsuites>